This is pdfTeX, Version 3.14159265-2.6-1.40.16 (TeX Live 2015/Debian) (preloaded format=pdflatex 2016.10.3)  28 OCT 2016 00:25
entering extended mode
 restricted \write18 enabled.
 %&-line parsing enabled.
**MI_Class_Report.tex
(./MI_Class_Report.tex
LaTeX2e <2016/02/01>
Babel <3.9q> and hyphenation patterns for 81 language(s) loaded.
(/usr/share/texlive/texmf-dist/tex/latex/base/article.cls
Document Class: article 2014/09/29 v1.4h Standard LaTeX document class
(/usr/share/texlive/texmf-dist/tex/latex/base/size10.clo
File: size10.clo 2014/09/29 v1.4h Standard LaTeX file (size option)
)
\c@part=\count79
\c@section=\count80
\c@subsection=\count81
\c@subsubsection=\count82
\c@paragraph=\count83
\c@subparagraph=\count84
\c@figure=\count85
\c@table=\count86
\abovecaptionskip=\skip41
\belowcaptionskip=\skip42
\bibindent=\dimen102
)
(/usr/share/texlive/texmf-dist/tex/latex/geometry/geometry.sty
Package: geometry 2010/09/12 v5.6 Page Geometry

(/usr/share/texlive/texmf-dist/tex/latex/graphics/keyval.sty
Package: keyval 2014/10/28 v1.15 key=value parser (DPC)
\KV@toks@=\toks14
)
(/usr/share/texlive/texmf-dist/tex/generic/oberdiek/ifpdf.sty
Package: ifpdf 2011/01/30 v2.3 Provides the ifpdf switch (HO)
Package ifpdf Info: pdfTeX in PDF mode is detected.
)
(/usr/share/texlive/texmf-dist/tex/generic/oberdiek/ifvtex.sty
Package: ifvtex 2010/03/01 v1.5 Detect VTeX and its facilities (HO)
Package ifvtex Info: VTeX not detected.
)
(/usr/share/texlive/texmf-dist/tex/generic/ifxetex/ifxetex.sty
Package: ifxetex 2010/09/12 v0.6 Provides ifxetex conditional
)
\Gm@cnth=\count87
\Gm@cntv=\count88
\c@Gm@tempcnt=\count89
\Gm@bindingoffset=\dimen103
\Gm@wd@mp=\dimen104
\Gm@odd@mp=\dimen105
\Gm@even@mp=\dimen106
\Gm@layoutwidth=\dimen107
\Gm@layoutheight=\dimen108
\Gm@layouthoffset=\dimen109
\Gm@layoutvoffset=\dimen110
\Gm@dimlist=\toks15
)
(/usr/share/texlive/texmf-dist/tex/latex/graphics/graphicx.sty
Package: graphicx 2014/10/28 v1.0g Enhanced LaTeX Graphics (DPC,SPQR)

(/usr/share/texlive/texmf-dist/tex/latex/graphics/graphics.sty
Package: graphics 2016/01/03 v1.0q Standard LaTeX Graphics (DPC,SPQR)

(/usr/share/texlive/texmf-dist/tex/latex/graphics/trig.sty
Package: trig 2016/01/03 v1.10 sin cos tan (DPC)
)
(/usr/share/texlive/texmf-dist/tex/latex/latexconfig/graphics.cfg
File: graphics.cfg 2010/04/23 v1.9 graphics configuration of TeX Live
)
Package graphics Info: Driver file: pdftex.def on input line 95.

(/usr/share/texlive/texmf-dist/tex/latex/pdftex-def/pdftex.def
File: pdftex.def 2011/05/27 v0.06d Graphics/color for pdfTeX

(/usr/share/texlive/texmf-dist/tex/generic/oberdiek/infwarerr.sty
Package: infwarerr 2010/04/08 v1.3 Providing info/warning/error messages (HO)
)
(/usr/share/texlive/texmf-dist/tex/generic/oberdiek/ltxcmds.sty
Package: ltxcmds 2011/11/09 v1.22 LaTeX kernel commands for general use (HO)
)
\Gread@gobject=\count90
))
\Gin@req@height=\dimen111
\Gin@req@width=\dimen112
)
(./MI_Class_Report.aux)
\openout1 = `MI_Class_Report.aux'.

LaTeX Font Info:    Checking defaults for OML/cmm/m/it on input line 9.
LaTeX Font Info:    ... okay on input line 9.
LaTeX Font Info:    Checking defaults for T1/cmr/m/n on input line 9.
LaTeX Font Info:    ... okay on input line 9.
LaTeX Font Info:    Checking defaults for OT1/cmr/m/n on input line 9.
LaTeX Font Info:    ... okay on input line 9.
LaTeX Font Info:    Checking defaults for OMS/cmsy/m/n on input line 9.
LaTeX Font Info:    ... okay on input line 9.
LaTeX Font Info:    Checking defaults for OMX/cmex/m/n on input line 9.
LaTeX Font Info:    ... okay on input line 9.
LaTeX Font Info:    Checking defaults for U/cmr/m/n on input line 9.
LaTeX Font Info:    ... okay on input line 9.

*geometry* driver: auto-detecting
*geometry* detected driver: pdftex
*geometry* verbose mode - [ preamble ] result:
* driver: pdftex
* paper: letterpaper
* layout: <same size as paper>
* layoutoffset:(h,v)=(0.0pt,0.0pt)
* modes: 
* h-part:(L,W,R)=(36.135pt, 542.02501pt, 36.135pt)
* v-part:(T,H,B)=(36.135pt, 722.7pt, 36.135pt)
* \paperwidth=614.295pt
* \paperheight=794.96999pt
* \textwidth=542.02501pt
* \textheight=722.7pt
* \oddsidemargin=-36.135pt
* \evensidemargin=-36.135pt
* \topmargin=-73.135pt
* \headheight=12.0pt
* \headsep=25.0pt
* \topskip=10.0pt
* \footskip=30.0pt
* \marginparwidth=65.0pt
* \marginparsep=11.0pt
* \columnsep=10.0pt
* \skip\footins=9.0pt plus 4.0pt minus 2.0pt
* \hoffset=0.0pt
* \voffset=0.0pt
* \mag=1000
* \@twocolumnfalse
* \@twosidefalse
* \@mparswitchfalse
* \@reversemarginfalse
* (1in=72.27pt=25.4mm, 1cm=28.453pt)

(/usr/share/texlive/texmf-dist/tex/context/base/supp-pdf.mkii
[Loading MPS to PDF converter (version 2006.09.02).]
\scratchcounter=\count91
\scratchdimen=\dimen113
\scratchbox=\box26
\nofMPsegments=\count92
\nofMParguments=\count93
\everyMPshowfont=\toks16
\MPscratchCnt=\count94
\MPscratchDim=\dimen114
\MPnumerator=\count95
\makeMPintoPDFobject=\count96
\everyMPtoPDFconversion=\toks17
) (/usr/share/texlive/texmf-dist/tex/generic/oberdiek/pdftexcmds.sty
Package: pdftexcmds 2011/11/29 v0.20 Utility functions of pdfTeX for LuaTeX (HO
)

(/usr/share/texlive/texmf-dist/tex/generic/oberdiek/ifluatex.sty
Package: ifluatex 2010/03/01 v1.3 Provides the ifluatex switch (HO)
Package ifluatex Info: LuaTeX not detected.
)
Package pdftexcmds Info: LuaTeX not detected.
Package pdftexcmds Info: \pdf@primitive is available.
Package pdftexcmds Info: \pdf@ifprimitive is available.
Package pdftexcmds Info: \pdfdraftmode found.
)
(/usr/share/texlive/texmf-dist/tex/latex/oberdiek/epstopdf-base.sty
Package: epstopdf-base 2010/02/09 v2.5 Base part for package epstopdf

(/usr/share/texlive/texmf-dist/tex/latex/oberdiek/grfext.sty
Package: grfext 2010/08/19 v1.1 Manage graphics extensions (HO)

(/usr/share/texlive/texmf-dist/tex/generic/oberdiek/kvdefinekeys.sty
Package: kvdefinekeys 2011/04/07 v1.3 Define keys (HO)
))
(/usr/share/texlive/texmf-dist/tex/latex/oberdiek/kvoptions.sty
Package: kvoptions 2011/06/30 v3.11 Key value format for package options (HO)

(/usr/share/texlive/texmf-dist/tex/generic/oberdiek/kvsetkeys.sty
Package: kvsetkeys 2012/04/25 v1.16 Key value parser (HO)

(/usr/share/texlive/texmf-dist/tex/generic/oberdiek/etexcmds.sty
Package: etexcmds 2011/02/16 v1.5 Avoid name clashes with e-TeX commands (HO)
Package etexcmds Info: Could not find \expanded.
(etexcmds)             That can mean that you are not using pdfTeX 1.50 or
(etexcmds)             that some package has redefined \expanded.
(etexcmds)             In the latter case, load this package earlier.
)))
Package grfext Info: Graphics extension search list:
(grfext)             [.png,.pdf,.jpg,.mps,.jpeg,.jbig2,.jb2,.PNG,.PDF,.JPG,.JPE
G,.JBIG2,.JB2,.eps]
(grfext)             \AppendGraphicsExtensions on input line 452.

(/usr/share/texlive/texmf-dist/tex/latex/latexconfig/epstopdf-sys.cfg
File: epstopdf-sys.cfg 2010/07/13 v1.3 Configuration of (r)epstopdf for TeX Liv
e
))
<Results/Lasso/lasso_lambda_set_trial1_dataset1.pdf, id=1, 505.89pt x 361.35pt>
File: Results/Lasso/lasso_lambda_set_trial1_dataset1.pdf Graphic file (type pdf
)
<use Results/Lasso/lasso_lambda_set_trial1_dataset1.pdf>
Package pdftex.def Info: Results/Lasso/lasso_lambda_set_trial1_dataset1.pdf use
d on input line 13.
(pdftex.def)             Requested size: 178.86923pt x 127.7646pt.

<Results/Lasso/lasso_lambda_set_trial1_dataset2.pdf, id=2, 505.89pt x 361.35pt>
File: Results/Lasso/lasso_lambda_set_trial1_dataset2.pdf Graphic file (type pdf
)
<use Results/Lasso/lasso_lambda_set_trial1_dataset2.pdf>
Package pdftex.def Info: Results/Lasso/lasso_lambda_set_trial1_dataset2.pdf use
d on input line 14.
(pdftex.def)             Requested size: 178.86923pt x 127.7646pt.

<Results/Lasso/lasso_lambda_set_trial1_dataset4.pdf, id=3, 505.89pt x 361.35pt>
File: Results/Lasso/lasso_lambda_set_trial1_dataset4.pdf Graphic file (type pdf
)
<use Results/Lasso/lasso_lambda_set_trial1_dataset4.pdf>
Package pdftex.def Info: Results/Lasso/lasso_lambda_set_trial1_dataset4.pdf use
d on input line 15.
(pdftex.def)             Requested size: 178.86923pt x 127.7646pt.

<Results/Lasso/lasso_lambda_set_trial2_dataset1.pdf, id=4, 505.89pt x 361.35pt>
File: Results/Lasso/lasso_lambda_set_trial2_dataset1.pdf Graphic file (type pdf
)
<use Results/Lasso/lasso_lambda_set_trial2_dataset1.pdf>
Package pdftex.def Info: Results/Lasso/lasso_lambda_set_trial2_dataset1.pdf use
d on input line 16.
(pdftex.def)             Requested size: 178.86923pt x 127.7646pt.

<Results/Lasso/lasso_lambda_set_trial2_dataset2.pdf, id=5, 505.89pt x 361.35pt>
File: Results/Lasso/lasso_lambda_set_trial2_dataset2.pdf Graphic file (type pdf
)
<use Results/Lasso/lasso_lambda_set_trial2_dataset2.pdf>
Package pdftex.def Info: Results/Lasso/lasso_lambda_set_trial2_dataset2.pdf use
d on input line 17.
(pdftex.def)             Requested size: 178.86923pt x 127.7646pt.

<Results/Lasso/lasso_lambda_set_trial2_dataset4.pdf, id=6, 505.89pt x 361.35pt>
File: Results/Lasso/lasso_lambda_set_trial2_dataset4.pdf Graphic file (type pdf
)
<use Results/Lasso/lasso_lambda_set_trial2_dataset4.pdf>
Package pdftex.def Info: Results/Lasso/lasso_lambda_set_trial2_dataset4.pdf use
d on input line 18.
(pdftex.def)             Requested size: 178.86923pt x 127.7646pt.

<Results/Lasso/lasso_lambda_set_trial3_dataset1.pdf, id=7, 505.89pt x 361.35pt>
File: Results/Lasso/lasso_lambda_set_trial3_dataset1.pdf Graphic file (type pdf
)
<use Results/Lasso/lasso_lambda_set_trial3_dataset1.pdf>
Package pdftex.def Info: Results/Lasso/lasso_lambda_set_trial3_dataset1.pdf use
d on input line 19.
(pdftex.def)             Requested size: 178.86923pt x 127.7646pt.

<Results/Lasso/lasso_lambda_set_trial3_dataset2.pdf, id=8, 505.89pt x 361.35pt>
File: Results/Lasso/lasso_lambda_set_trial3_dataset2.pdf Graphic file (type pdf
)
<use Results/Lasso/lasso_lambda_set_trial3_dataset2.pdf>
Package pdftex.def Info: Results/Lasso/lasso_lambda_set_trial3_dataset2.pdf use
d on input line 20.
(pdftex.def)             Requested size: 178.86923pt x 127.7646pt.

<Results/Lasso/lasso_lambda_set_trial3_dataset4.pdf, id=9, 505.89pt x 361.35pt>
File: Results/Lasso/lasso_lambda_set_trial3_dataset4.pdf Graphic file (type pdf
)
<use Results/Lasso/lasso_lambda_set_trial3_dataset4.pdf>
Package pdftex.def Info: Results/Lasso/lasso_lambda_set_trial3_dataset4.pdf use
d on input line 21.
(pdftex.def)             Requested size: 178.86923pt x 127.7646pt.
LaTeX Font Info:    External font `cmex10' loaded for size
(Font)              <7> on input line 22.
LaTeX Font Info:    External font `cmex10' loaded for size
(Font)              <5> on input line 22.


LaTeX Warning: File `Results/GP_ARD/gpard_lengthscales_dataset1.pdf' not found 
on input line 27.


! Package pdftex.def Error: File `Results/GP_ARD/gpard_lengthscales_dataset1.pd
f' not found.

See the pdftex.def package documentation for explanation.
Type  H <return>  for immediate help.
 ...                                              
                                                  
l.27 ...ts/GP_ARD/gpard_lengthscales_dataset1.pdf}
                                                  
? q
OK, entering \batchmode...

LaTeX Warning: File `Results/GP_ARD/gpard_lengthscales_dataset2.pdf' not found 
on input line 28.


! Package pdftex.def Error: File `Results/GP_ARD/gpard_lengthscales_dataset2.pd
f' not found.

See the pdftex.def package documentation for explanation.
Type  H <return>  for immediate help.
 ...                                              
                                                  
l.28 ...ts/GP_ARD/gpard_lengthscales_dataset2.pdf}
                                                  
Using draft setting for this image.
Try typing  <return>  to proceed.
If that doesn't work, type  X <return>  to quit.


LaTeX Warning: File `Results/GP_ARD/gpard_lengthscales_dataset4.pdf' not found 
on input line 29.


! Package pdftex.def Error: File `Results/GP_ARD/gpard_lengthscales_dataset4.pd
f' not found.

See the pdftex.def package documentation for explanation.
Type  H <return>  for immediate help.
 ...                                              
                                                  
l.29 ...ts/GP_ARD/gpard_lengthscales_dataset4.pdf}
                                                   \\
Using draft setting for this image.
Try typing  <return>  to proceed.
If that doesn't work, type  X <return>  to quit.


<Results/Lasso/lasso_pos_mean_coeff_datatest1.pdf, id=10, 433.62pt x 361.35pt>
File: Results/Lasso/lasso_pos_mean_coeff_datatest1.pdf Graphic file (type pdf)
 <use Results/Lasso/lasso_pos_mean_coeff_datatest1.pdf>
Package pdftex.def Info: Results/Lasso/lasso_pos_mean_coeff_datatest1.pdf used 
on input line 30.
(pdftex.def)             Requested size: 162.60915pt x 135.50592pt.

<Results/Lasso/lasso_pos_mean_coeff_datatest2.pdf, id=11, 433.62pt x 361.35pt>
File: Results/Lasso/lasso_pos_mean_coeff_datatest2.pdf Graphic file (type pdf)
 <use Results/Lasso/lasso_pos_mean_coeff_datatest2.pdf>
Package pdftex.def Info: Results/Lasso/lasso_pos_mean_coeff_datatest2.pdf used 
on input line 31.
(pdftex.def)             Requested size: 162.60915pt x 135.50592pt.

<Results/Lasso/lasso_pos_mean_coeff_datatest3.pdf, id=12, 433.62pt x 361.35pt>
File: Results/Lasso/lasso_pos_mean_coeff_datatest3.pdf Graphic file (type pdf)
 <use Results/Lasso/lasso_pos_mean_coeff_datatest3.pdf>
Package pdftex.def Info: Results/Lasso/lasso_pos_mean_coeff_datatest3.pdf used 
on input line 32.
(pdftex.def)             Requested size: 162.60915pt x 135.50592pt.

LaTeX Warning: File `Results/Random-Forest/importance_decrease_accuracy_dataset
1.pdf' not found on input line 33.


! Package pdftex.def Error: File `Results/Random-Forest/importance_decrease_acc
uracy_dataset1.pdf' not found.

See the pdftex.def package documentation for explanation.
Type  H <return>  for immediate help.
 ...                                              
                                                  
l.33 ...importance_decrease_accuracy_dataset1.pdf}
                                                  
Using draft setting for this image.
Try typing  <return>  to proceed.
If that doesn't work, type  X <return>  to quit.


LaTeX Warning: File `Results/Random-Forest/importance_decrease_accuracy_dataset
2.pdf' not found on input line 34.


! Package pdftex.def Error: File `Results/Random-Forest/importance_decrease_acc
uracy_dataset2.pdf' not found.

See the pdftex.def package documentation for explanation.
Type  H <return>  for immediate help.
 ...                                              
                                                  
l.34 ...importance_decrease_accuracy_dataset2.pdf}
                                                  
Using draft setting for this image.
Try typing  <return>  to proceed.
If that doesn't work, type  X <return>  to quit.


LaTeX Warning: File `Results/Random-Forest/importance_decrease_accuracy_dataset
4.pdf' not found on input line 35.


! Package pdftex.def Error: File `Results/Random-Forest/importance_decrease_acc
uracy_dataset4.pdf' not found.

See the pdftex.def package documentation for explanation.
Type  H <return>  for immediate help.
 ...                                              
                                                  
l.35 ...importance_decrease_accuracy_dataset4.pdf}
                                                  
Using draft setting for this image.
Try typing  <return>  to proceed.
If that doesn't work, type  X <return>  to quit.


<Results/KNN/knn_sens_spec_k_dataset1.pdf, id=13, 361.35pt x 361.35pt>
File: Results/KNN/knn_sens_spec_k_dataset1.pdf Graphic file (type pdf)
 <use Results/KNN/knn_sens_spec_k_dataset1.pdf>
Package pdftex.def Info: Results/KNN/knn_sens_spec_k_dataset1.pdf used on input
 line 43.
(pdftex.def)             Requested size: 178.86923pt x 178.87155pt.

<Results/KNN/knn_sens_spec_k_dataset2.pdf, id=14, 361.35pt x 361.35pt>
File: Results/KNN/knn_sens_spec_k_dataset2.pdf Graphic file (type pdf)
 <use Results/KNN/knn_sens_spec_k_dataset2.pdf>
Package pdftex.def Info: Results/KNN/knn_sens_spec_k_dataset2.pdf used on input
 line 44.
(pdftex.def)             Requested size: 178.86923pt x 178.87155pt.

<Results/KNN/knn_sens_spec_k_dataset4.pdf, id=15, 361.35pt x 361.35pt>
File: Results/KNN/knn_sens_spec_k_dataset4.pdf Graphic file (type pdf)
 <use Results/KNN/knn_sens_spec_k_dataset4.pdf>
Package pdftex.def Info: Results/KNN/knn_sens_spec_k_dataset4.pdf used on input
 line 45.
(pdftex.def)             Requested size: 178.86923pt x 178.87155pt.

<Results/KNN/knn_error_k_dataset1.pdf, id=16, 361.35pt x 361.35pt>
File: Results/KNN/knn_error_k_dataset1.pdf Graphic file (type pdf)
 <use Results/KNN/knn_error_k_dataset1.pdf>
Package pdftex.def Info: Results/KNN/knn_error_k_dataset1.pdf used on input lin
e 46.
(pdftex.def)             Requested size: 178.86923pt x 178.87155pt.

<Results/KNN/knn_error_k_dataset2.pdf, id=17, 361.35pt x 361.35pt>
File: Results/KNN/knn_error_k_dataset2.pdf Graphic file (type pdf)
 <use Results/KNN/knn_error_k_dataset2.pdf>
Package pdftex.def Info: Results/KNN/knn_error_k_dataset2.pdf used on input lin
e 47.
(pdftex.def)             Requested size: 178.86923pt x 178.87155pt.

<Results/KNN/knn_error_k_dataset4.pdf, id=18, 361.35pt x 361.35pt>
File: Results/KNN/knn_error_k_dataset4.pdf Graphic file (type pdf)
 <use Results/KNN/knn_error_k_dataset4.pdf>
Package pdftex.def Info: Results/KNN/knn_error_k_dataset4.pdf used on input lin
e 48.
(pdftex.def)             Requested size: 178.86923pt x 178.87155pt.

Underfull \hbox (badness 10000) in paragraph at lines 43--50

 []


<Results/Decision-Tree/roc_curve_tree_boosting1_dataset1.pdf, id=19, 361.35pt x
 361.35pt>
File: Results/Decision-Tree/roc_curve_tree_boosting1_dataset1.pdf Graphic file 
(type pdf)

<use Results/Decision-Tree/roc_curve_tree_boosting1_dataset1.pdf>
Package pdftex.def Info: Results/Decision-Tree/roc_curve_tree_boosting1_dataset
1.pdf used on input line 56.
(pdftex.def)             Requested size: 178.86923pt x 178.87155pt.

<Results/Decision-Tree/roc_curve_tree_boosting1_dataset2.pdf, id=20, 361.35pt x
 361.35pt>
File: Results/Decision-Tree/roc_curve_tree_boosting1_dataset2.pdf Graphic file 
(type pdf)

<use Results/Decision-Tree/roc_curve_tree_boosting1_dataset2.pdf>
Package pdftex.def Info: Results/Decision-Tree/roc_curve_tree_boosting1_dataset
2.pdf used on input line 57.
(pdftex.def)             Requested size: 178.86923pt x 178.87155pt.

<Results/Decision-Tree/roc_curve_tree_boosting1_dataset4.pdf, id=21, 361.35pt x
 361.35pt>
File: Results/Decision-Tree/roc_curve_tree_boosting1_dataset4.pdf Graphic file 
(type pdf)

<use Results/Decision-Tree/roc_curve_tree_boosting1_dataset4.pdf>
Package pdftex.def Info: Results/Decision-Tree/roc_curve_tree_boosting1_dataset
4.pdf used on input line 58.
(pdftex.def)             Requested size: 178.86923pt x 178.87155pt.

<Results/Decision-Tree/roc_curve_tree_boosting10_dataset1.pdf, id=22, 361.35pt 
x 361.35pt>
File: Results/Decision-Tree/roc_curve_tree_boosting10_dataset1.pdf Graphic file
 (type pdf)

<use Results/Decision-Tree/roc_curve_tree_boosting10_dataset1.pdf>
Package pdftex.def Info: Results/Decision-Tree/roc_curve_tree_boosting10_datase
t1.pdf used on input line 59.
(pdftex.def)             Requested size: 178.86923pt x 178.87155pt.

<Results/Decision-Tree/roc_curve_tree_boosting10_dataset2.pdf, id=23, 361.35pt 
x 361.35pt>
File: Results/Decision-Tree/roc_curve_tree_boosting10_dataset2.pdf Graphic file
 (type pdf)

<use Results/Decision-Tree/roc_curve_tree_boosting10_dataset2.pdf>
Package pdftex.def Info: Results/Decision-Tree/roc_curve_tree_boosting10_datase
t2.pdf used on input line 60.
(pdftex.def)             Requested size: 178.86923pt x 178.87155pt.

<Results/Decision-Tree/roc_curve_tree_boosting10_dataset4.pdf, id=24, 361.35pt 
x 361.35pt>
File: Results/Decision-Tree/roc_curve_tree_boosting10_dataset4.pdf Graphic file
 (type pdf)

<use Results/Decision-Tree/roc_curve_tree_boosting10_dataset4.pdf>
Package pdftex.def Info: Results/Decision-Tree/roc_curve_tree_boosting10_datase
t4.pdf used on input line 61.
(pdftex.def)             Requested size: 178.86923pt x 178.87155pt.

<Results/Decision-Tree/roc_curve_tree_boosting20_dataset1.pdf, id=25, 361.35pt 
x 361.35pt>
File: Results/Decision-Tree/roc_curve_tree_boosting20_dataset1.pdf Graphic file
 (type pdf)

<use Results/Decision-Tree/roc_curve_tree_boosting20_dataset1.pdf>
Package pdftex.def Info: Results/Decision-Tree/roc_curve_tree_boosting20_datase
t1.pdf used on input line 62.
(pdftex.def)             Requested size: 178.86923pt x 178.87155pt.

<Results/Decision-Tree/roc_curve_tree_boosting20_dataset2.pdf, id=26, 361.35pt 
x 361.35pt>
File: Results/Decision-Tree/roc_curve_tree_boosting20_dataset2.pdf Graphic file
 (type pdf)

<use Results/Decision-Tree/roc_curve_tree_boosting20_dataset2.pdf>
Package pdftex.def Info: Results/Decision-Tree/roc_curve_tree_boosting20_datase
t2.pdf used on input line 63.
(pdftex.def)             Requested size: 178.86923pt x 178.87155pt.

<Results/Decision-Tree/roc_curve_tree_boosting20_dataset4.pdf, id=27, 361.35pt 
x 361.35pt>
File: Results/Decision-Tree/roc_curve_tree_boosting20_dataset4.pdf Graphic file
 (type pdf)

<use Results/Decision-Tree/roc_curve_tree_boosting20_dataset4.pdf>
Package pdftex.def Info: Results/Decision-Tree/roc_curve_tree_boosting20_datase
t4.pdf used on input line 64.
(pdftex.def)             Requested size: 178.86923pt x 178.87155pt.

<Results/Decision-Tree/mse_cost_boost1_dataset1.pdf, id=28, 361.35pt x 361.35pt
>
File: Results/Decision-Tree/mse_cost_boost1_dataset1.pdf Graphic file (type pdf
)

<use Results/Decision-Tree/mse_cost_boost1_dataset1.pdf>
Package pdftex.def Info: Results/Decision-Tree/mse_cost_boost1_dataset1.pdf use
d on input line 69.
(pdftex.def)             Requested size: 178.86923pt x 178.87155pt.

<Results/Decision-Tree/mse_cost_boost1_dataset2.pdf, id=29, 361.35pt x 361.35pt
>
File: Results/Decision-Tree/mse_cost_boost1_dataset2.pdf Graphic file (type pdf
)

<use Results/Decision-Tree/mse_cost_boost1_dataset2.pdf>
Package pdftex.def Info: Results/Decision-Tree/mse_cost_boost1_dataset2.pdf use
d on input line 70.
(pdftex.def)             Requested size: 178.86923pt x 178.87155pt.

<Results/Decision-Tree/mse_cost_boost1_dataset4.pdf, id=30, 361.35pt x 361.35pt
>
File: Results/Decision-Tree/mse_cost_boost1_dataset4.pdf Graphic file (type pdf
)

<use Results/Decision-Tree/mse_cost_boost1_dataset4.pdf>
Package pdftex.def Info: Results/Decision-Tree/mse_cost_boost1_dataset4.pdf use
d on input line 71.
(pdftex.def)             Requested size: 178.86923pt x 178.87155pt.

<Results/Decision-Tree/mse_cost_boost10_dataset1.pdf, id=31, 361.35pt x 361.35p
t>
File: Results/Decision-Tree/mse_cost_boost10_dataset1.pdf Graphic file (type pd
f)

<use Results/Decision-Tree/mse_cost_boost10_dataset1.pdf>
Package pdftex.def Info: Results/Decision-Tree/mse_cost_boost10_dataset1.pdf us
ed on input line 72.
(pdftex.def)             Requested size: 178.86923pt x 178.87155pt.

<Results/Decision-Tree/mse_cost_boost10_dataset2.pdf, id=32, 361.35pt x 361.35p
t>
File: Results/Decision-Tree/mse_cost_boost10_dataset2.pdf Graphic file (type pd
f)

<use Results/Decision-Tree/mse_cost_boost10_dataset2.pdf>
Package pdftex.def Info: Results/Decision-Tree/mse_cost_boost10_dataset2.pdf us
ed on input line 73.
(pdftex.def)             Requested size: 178.86923pt x 178.87155pt.

<Results/Decision-Tree/mse_cost_boost10_dataset4.pdf, id=33, 361.35pt x 361.35p
t>
File: Results/Decision-Tree/mse_cost_boost10_dataset4.pdf Graphic file (type pd
f)

<use Results/Decision-Tree/mse_cost_boost10_dataset4.pdf>
Package pdftex.def Info: Results/Decision-Tree/mse_cost_boost10_dataset4.pdf us
ed on input line 74.
(pdftex.def)             Requested size: 178.86923pt x 178.87155pt.

<Results/Decision-Tree/mse_cost_boost20_dataset1.pdf, id=34, 361.35pt x 361.35p
t>
File: Results/Decision-Tree/mse_cost_boost20_dataset1.pdf Graphic file (type pd
f)

<use Results/Decision-Tree/mse_cost_boost20_dataset1.pdf>
Package pdftex.def Info: Results/Decision-Tree/mse_cost_boost20_dataset1.pdf us
ed on input line 75.
(pdftex.def)             Requested size: 178.86923pt x 178.87155pt.

<Results/Decision-Tree/mse_cost_boost20_dataset2.pdf, id=35, 361.35pt x 361.35p
t>
File: Results/Decision-Tree/mse_cost_boost20_dataset2.pdf Graphic file (type pd
f)

<use Results/Decision-Tree/mse_cost_boost20_dataset2.pdf>
Package pdftex.def Info: Results/Decision-Tree/mse_cost_boost20_dataset2.pdf us
ed on input line 76.
(pdftex.def)             Requested size: 178.86923pt x 178.87155pt.

<Results/Decision-Tree/mse_cost_boost20_dataset4.pdf, id=36, 361.35pt x 361.35p
t>
File: Results/Decision-Tree/mse_cost_boost20_dataset4.pdf Graphic file (type pd
f)

<use Results/Decision-Tree/mse_cost_boost20_dataset4.pdf>
Package pdftex.def Info: Results/Decision-Tree/mse_cost_boost20_dataset4.pdf us
ed on input line 77.
(pdftex.def)             Requested size: 178.86923pt x 178.87155pt.

Underfull \hbox (badness 10000) in paragraph at lines 69--79

 []


<Results/Decision-Tree/tree_boost1_error4_dataset1.pdf, id=37, 361.35pt x 361.3
5pt>
File: Results/Decision-Tree/tree_boost1_error4_dataset1.pdf Graphic file (type 
pdf)

<use Results/Decision-Tree/tree_boost1_error4_dataset1.pdf>
Package pdftex.def Info: Results/Decision-Tree/tree_boost1_error4_dataset1.pdf 
used on input line 84.
(pdftex.def)             Requested size: 178.86923pt x 178.87155pt.

<Results/Decision-Tree/tree_boost1_error0_dataset2.pdf, id=38, 361.35pt x 361.3
5pt>
File: Results/Decision-Tree/tree_boost1_error0_dataset2.pdf Graphic file (type 
pdf)

<use Results/Decision-Tree/tree_boost1_error0_dataset2.pdf>
Package pdftex.def Info: Results/Decision-Tree/tree_boost1_error0_dataset2.pdf 
used on input line 85.
(pdftex.def)             Requested size: 178.86923pt x 178.87155pt.

LaTeX Warning: File `Results/Decision-Tree/tree_boost1_error4_dataset4.pdf' not
 found on input line 86.


! Package pdftex.def Error: File `Results/Decision-Tree/tree_boost1_error4_data
set4.pdf' not found.

See the pdftex.def package documentation for explanation.
Type  H <return>  for immediate help.
 ...                                              
                                                  
l.86 ...sion-Tree/tree_boost1_error4_dataset4.pdf}
                                                    \hspace{-0.3cm}
Using draft setting for this image.
Try typing  <return>  to proceed.
If that doesn't work, type  X <return>  to quit.


LaTeX Warning: File `Results/GP_ARD/gpard_meshprob_Ta_Tref_Tref_dataset1.pdf' n
ot found on input line 92.


! Package pdftex.def Error: File `Results/GP_ARD/gpard_meshprob_Ta_Tref_Tref_da
taset1.pdf' not found.

See the pdftex.def package documentation for explanation.
Type  H <return>  for immediate help.
 ...                                              
                                                  
l.92 .../gpard_meshprob_Ta_Tref_Tref_dataset1.pdf}
                                                  
Using draft setting for this image.
Try typing  <return>  to proceed.
If that doesn't work, type  X <return>  to quit.


LaTeX Warning: File `Results/GP_ARD/gpard_meshprob_Ta_Tref_Ta_SBP_dataset1.pdf'
 not found on input line 93.


! Package pdftex.def Error: File `Results/GP_ARD/gpard_meshprob_Ta_Tref_Ta_SBP_
dataset1.pdf' not found.

See the pdftex.def package documentation for explanation.
Type  H <return>  for immediate help.
 ...                                              
                                                  
l.93 ...pard_meshprob_Ta_Tref_Ta_SBP_dataset1.pdf}
                                                  
Using draft setting for this image.
Try typing  <return>  to proceed.
If that doesn't work, type  X <return>  to quit.


<Results/roc_curve_datatest1.pdf, id=39, 361.35pt x 361.35pt>
File: Results/roc_curve_datatest1.pdf Graphic file (type pdf)
 <use Results/roc_curve_datatest1.pdf>
Package pdftex.def Info: Results/roc_curve_datatest1.pdf used on input line 112
.
(pdftex.def)             Requested size: 178.86923pt x 178.87155pt.

<Results/roc_curve_datatest2.pdf, id=40, 361.35pt x 361.35pt>
File: Results/roc_curve_datatest2.pdf Graphic file (type pdf)
 <use Results/roc_curve_datatest2.pdf>
Package pdftex.def Info: Results/roc_curve_datatest2.pdf used on input line 113
.
(pdftex.def)             Requested size: 178.86923pt x 178.87155pt.

<Results/roc_curve_datatest3.pdf, id=41, 361.35pt x 361.35pt>
File: Results/roc_curve_datatest3.pdf Graphic file (type pdf)
 <use Results/roc_curve_datatest3.pdf>
Package pdftex.def Info: Results/roc_curve_datatest3.pdf used on input line 114
.
(pdftex.def)             Requested size: 178.86923pt x 178.87155pt.
 [1{/var/lib/texmf/fonts/map/pdftex/updmap/pdftex.map} <./Results/Lasso/lasso_l
ambda_set_trial1_dataset1.pdf> <./Results/Lasso/lasso_lambda_set_trial1_dataset
2.pdf> <./Results/Lasso/lasso_lambda_set_trial1_dataset4.pdf> <./Results/Lasso/
lasso_lambda_set_trial2_dataset1.pdf> <./Results/Lasso/lasso_lambda_set_trial2_
dataset2.pdf> <./Results/Lasso/lasso_lambda_set_trial2_dataset4.pdf> <./Results
/Lasso/lasso_lambda_set_trial3_dataset1.pdf> <./Results/Lasso/lasso_lambda_set_
trial3_dataset2.pdf> <./Results/Lasso/lasso_lambda_set_trial3_dataset4.pdf>] [2
 <./Results/Lasso/lasso_pos_mean_coeff_datatest1.pdf> <./Results/Lasso/lasso_po
s_mean_coeff_datatest2.pdf> <./Results/Lasso/lasso_pos_mean_coeff_datatest3.pdf
>] [3 <./Results/KNN/knn_sens_spec_k_dataset1.pdf> <./Results/KNN/knn_sens_spec
_k_dataset2.pdf> <./Results/KNN/knn_sens_spec_k_dataset4.pdf> <./Results/KNN/kn
n_error_k_dataset1.pdf> <./Results/KNN/knn_error_k_dataset2.pdf> <./Results/KNN
/knn_error_k_dataset4.pdf>] [4 <./Results/Decision-Tree/roc_curve_tree_boosting
1_dataset1.pdf> <./Results/Decision-Tree/roc_curve_tree_boosting1_dataset2.pdf>
 <./Results/Decision-Tree/roc_curve_tree_boosting1_dataset4.pdf> <./Results/Dec
ision-Tree/roc_curve_tree_boosting10_dataset1.pdf> <./Results/Decision-Tree/roc
_curve_tree_boosting10_dataset2.pdf> <./Results/Decision-Tree/roc_curve_tree_bo
osting10_dataset4.pdf> <./Results/Decision-Tree/roc_curve_tree_boosting20_datas
et1.pdf> <./Results/Decision-Tree/roc_curve_tree_boosting20_dataset2.pdf> <./Re
sults/Decision-Tree/roc_curve_tree_boosting20_dataset4.pdf>] [5 <./Results/Deci
sion-Tree/mse_cost_boost1_dataset1.pdf> <./Results/Decision-Tree/mse_cost_boost
1_dataset2.pdf> <./Results/Decision-Tree/mse_cost_boost1_dataset4.pdf> <./Resul
ts/Decision-Tree/mse_cost_boost10_dataset1.pdf> <./Results/Decision-Tree/mse_co
st_boost10_dataset2.pdf> <./Results/Decision-Tree/mse_cost_boost10_dataset4.pdf
> <./Results/Decision-Tree/mse_cost_boost20_dataset1.pdf> <./Results/Decision-T
ree/mse_cost_boost20_dataset2.pdf> <./Results/Decision-Tree/mse_cost_boost20_da
taset4.pdf>] [6 <./Results/Decision-Tree/tree_boost1_error4_dataset1.pdf> <./Re
sults/Decision-Tree/tree_boost1_error0_dataset2.pdf>] [7 <./Results/roc_curve_d
atatest1.pdf> <./Results/roc_curve_datatest2.pdf> <./Results/roc_curve_datatest
3.pdf>] (./MI_Class_Report.aux) ) 
Here is how much of TeX's memory you used:
 2169 strings out of 493029
 38674 string characters out of 6136234
 99510 words of memory out of 5000000
 5658 multiletter control sequences out of 15000+600000
 4462 words of font info for 17 fonts, out of 8000000 for 9000
 1141 hyphenation exceptions out of 8191
 37i,5n,32p,598b,219s stack positions out of 5000i,500n,10000p,200000b,80000s
</usr/share/texlive/texmf-dist/fonts/type1/pub
lic/amsfonts/cm/cmbx10.pfb></usr/share/texlive/texmf-dist/fonts/type1/public/am
sfonts/cm/cmmi10.pfb></usr/share/texlive/texmf-dist/fonts/type1/public/amsfonts
/cm/cmr10.pfb></usr/share/texlive/texmf-dist/fonts/type1/public/amsfonts/cm/cmr
7.pfb></usr/share/texlive/texmf-dist/fonts/type1/public/amsfonts/cm/cmsy10.pfb>
</usr/share/texlive/texmf-dist/fonts/type1/public/amsfonts/cm/cmti10.pfb></usr/
share/texlive/texmf-dist/fonts/type1/public/amsfonts/cm/cmtt10.pfb>
Output written on MI_Class_Report.pdf (7 pages, 279229 bytes).
PDF statistics:
 360 PDF objects out of 1000 (max. 8388607)
 259 compressed objects within 3 object streams
 0 named destinations out of 1000 (max. 500000)
 206 words of extra memory for PDF output out of 10000 (max. 10000000)

